2022-09-05 09:52:12,893 INFO SPI service [com.alipay.sofa.jraft.JRaftServiceFactory - com.alipay.sofa.jraft.core.DefaultJRaftServiceFactory] loading.

2022-09-05 09:52:14,060 INFO SPI service [com.alipay.sofa.jraft.rpc.RaftRpcFactory - com.alipay.sofa.jraft.rpc.impl.GrpcRaftRpcFactory] loading.

2022-09-05 09:52:17,792 INFO SPI service [com.alipay.sofa.jraft.util.JRaftSignalHandler - com.alipay.sofa.jraft.NodeDescribeSignalHandler] loading.

2022-09-05 09:52:17,797 INFO SPI service [com.alipay.sofa.jraft.util.JRaftSignalHandler - com.alipay.sofa.jraft.NodeMetricsSignalHandler] loading.

2022-09-05 09:52:17,809 INFO SPI service [com.alipay.sofa.jraft.util.JRaftSignalHandler - com.alipay.sofa.jraft.ThreadPoolMetricsSignalHandler] loading.

2022-09-05 09:52:17,820 INFO SPI service [com.alipay.sofa.jraft.util.timer.RaftTimerFactory - com.alipay.sofa.jraft.util.timer.DefaultRaftTimerFactory] loading.

2022-09-05 09:52:17,866 INFO The number of active nodes increment to 1.

2022-09-05 09:52:20,112 INFO Starts FSMCaller successfully.

2022-09-05 09:52:20,258 INFO Loading snapshot, meta=last_included_index: 4
last_included_term: 4
peers: "7b53aa32d64c:7848"
.

2022-09-05 09:52:20,597 INFO Node <naming_persistent_service_v2/7b53aa32d64c:7848> onSnapshotLoadDone, last_included_index: 4
last_included_term: 4
peers: "7b53aa32d64c:7848"


2022-09-05 09:52:20,605 INFO Node <naming_persistent_service_v2/7b53aa32d64c:7848> target priority value has changed from: 0, to: -1.

2022-09-05 09:52:20,719 INFO Node <naming_persistent_service_v2/7b53aa32d64c:7848> init, term=4, lastLogId=LogId [index=4, term=4], conf=7b53aa32d64c:7848, oldConf=.

2022-09-05 09:52:20,745 INFO Node <naming_persistent_service_v2/7b53aa32d64c:7848> start vote and grant vote self, term=4.

2022-09-05 09:52:21,418 INFO Save raft meta, path=/home/nacos/data/protocol/raft/naming_persistent_service_v2/meta-data, term=5, votedFor=7b53aa32d64c:7848, cost time=528 ms

2022-09-05 09:52:21,511 INFO Node <naming_persistent_service_v2/7b53aa32d64c:7848> become leader of group, term=5, conf=7b53aa32d64c:7848, oldConf=.

2022-09-05 09:52:21,554 INFO -Djraft.recyclers.maxCapacityPerThread: 4096.

2022-09-05 09:52:21,645 WARN RPC server is not started in RaftGroupService.

2022-09-05 09:52:21,674 INFO Start the RaftGroupService successfully.

2022-09-05 09:52:22,090 INFO onLeaderStart: term=5.

2022-09-05 09:52:22,100 INFO The number of active nodes increment to 2.

2022-09-05 09:52:24,900 INFO Starts FSMCaller successfully.

2022-09-05 09:52:25,289 INFO Loading snapshot, meta=last_included_index: 4
last_included_term: 4
peers: "7b53aa32d64c:7848"
.

2022-09-05 09:52:25,400 INFO Node <naming_instance_metadata/7b53aa32d64c:7848> onSnapshotLoadDone, last_included_index: 4
last_included_term: 4
peers: "7b53aa32d64c:7848"


2022-09-05 09:52:25,440 INFO Node <naming_instance_metadata/7b53aa32d64c:7848> target priority value has changed from: 0, to: -1.

2022-09-05 09:52:25,500 INFO Node <naming_instance_metadata/7b53aa32d64c:7848> init, term=4, lastLogId=LogId [index=4, term=4], conf=7b53aa32d64c:7848, oldConf=.

2022-09-05 09:52:25,633 INFO Node <naming_instance_metadata/7b53aa32d64c:7848> start vote and grant vote self, term=4.

2022-09-05 09:52:25,772 INFO Save raft meta, path=/home/nacos/data/protocol/raft/naming_instance_metadata/meta-data, term=5, votedFor=7b53aa32d64c:7848, cost time=98 ms

2022-09-05 09:52:25,795 INFO Node <naming_instance_metadata/7b53aa32d64c:7848> become leader of group, term=5, conf=7b53aa32d64c:7848, oldConf=.

2022-09-05 09:52:25,830 WARN Channel in TRANSIENT_FAILURE state: 7b53aa32d64c:7848.

2022-09-05 09:52:25,832 WARN RPC server is not started in RaftGroupService.

2022-09-05 09:52:25,835 WARN Channel in SHUTDOWN state: 7b53aa32d64c:7848.

2022-09-05 09:52:25,874 INFO Start the RaftGroupService successfully.

2022-09-05 09:52:25,888 INFO onLeaderStart: term=5.

2022-09-05 09:52:26,281 INFO The number of active nodes increment to 3.

2022-09-05 09:52:27,079 ERROR Fail to connect 7b53aa32d64c:7848, remoting exception: java.util.concurrent.ExecutionException: io.grpc.StatusRuntimeException: DEADLINE_EXCEEDED: deadline exceeded after 0.500571081s. [buffered_nanos=587977940, waiting_for_connection].

2022-09-05 09:52:27,156 ERROR Fail to connect peer 7b53aa32d64c:7848 to get leader for group naming_persistent_service_v2.

2022-09-05 09:52:28,159 INFO Starts FSMCaller successfully.

2022-09-05 09:52:28,520 INFO Loading snapshot, meta=last_included_index: 4
last_included_term: 4
peers: "7b53aa32d64c:7848"
.

2022-09-05 09:52:28,607 INFO Node <naming_service_metadata/7b53aa32d64c:7848> onSnapshotLoadDone, last_included_index: 4
last_included_term: 4
peers: "7b53aa32d64c:7848"


2022-09-05 09:52:28,629 INFO Node <naming_service_metadata/7b53aa32d64c:7848> target priority value has changed from: 0, to: -1.

2022-09-05 09:52:28,961 INFO Node <naming_service_metadata/7b53aa32d64c:7848> init, term=4, lastLogId=LogId [index=4, term=4], conf=7b53aa32d64c:7848, oldConf=.

2022-09-05 09:52:29,009 INFO Node <naming_service_metadata/7b53aa32d64c:7848> start vote and grant vote self, term=4.

2022-09-05 09:52:29,584 INFO Save raft meta, path=/home/nacos/data/protocol/raft/naming_service_metadata/meta-data, term=5, votedFor=7b53aa32d64c:7848, cost time=415 ms

2022-09-05 09:52:29,626 INFO Node <naming_service_metadata/7b53aa32d64c:7848> become leader of group, term=5, conf=7b53aa32d64c:7848, oldConf=.

2022-09-05 09:52:29,651 WARN RPC server is not started in RaftGroupService.

2022-09-05 09:52:29,660 INFO Start the RaftGroupService successfully.

2022-09-05 09:52:29,836 INFO onLeaderStart: term=5.

2022-09-05 10:12:06,680 INFO Deleting snapshot /home/nacos/data/protocol/raft/naming_persistent_service_v2/snapshot/snapshot_5.

2022-09-05 10:12:06,682 INFO Renaming /home/nacos/data/protocol/raft/naming_persistent_service_v2/snapshot/temp to /home/nacos/data/protocol/raft/naming_persistent_service_v2/snapshot/snapshot_5.

2022-09-05 10:12:06,684 INFO Deleting snapshot /home/nacos/data/protocol/raft/naming_persistent_service_v2/snapshot/snapshot_4.

2022-09-05 10:12:21,870 INFO Deleting snapshot /home/nacos/data/protocol/raft/naming_service_metadata/snapshot/snapshot_5.

2022-09-05 10:12:21,870 INFO Renaming /home/nacos/data/protocol/raft/naming_service_metadata/snapshot/temp to /home/nacos/data/protocol/raft/naming_service_metadata/snapshot/snapshot_5.

2022-09-05 10:12:21,871 INFO Deleting snapshot /home/nacos/data/protocol/raft/naming_service_metadata/snapshot/snapshot_4.

2022-09-05 10:15:37,310 INFO Deleting snapshot /home/nacos/data/protocol/raft/naming_instance_metadata/snapshot/snapshot_5.

2022-09-05 10:15:37,311 INFO Renaming /home/nacos/data/protocol/raft/naming_instance_metadata/snapshot/temp to /home/nacos/data/protocol/raft/naming_instance_metadata/snapshot/snapshot_5.

2022-09-05 10:15:37,312 INFO Deleting snapshot /home/nacos/data/protocol/raft/naming_instance_metadata/snapshot/snapshot_4.

