2022-09-05 09:50:57,264 INFO Starting Nacos v2.1.1 using Java 1.8.0_342 on 7b53aa32d64c with PID 1 (/home/nacos/target/nacos-server.jar started by root in /home/nacos)

2022-09-05 09:50:57,390 INFO The following 1 profile is active: "standalone"

2022-09-05 09:51:23,529 INFO Tomcat initialized with port(s): 8848 (http)

2022-09-05 09:51:23,572 INFO Starting service [Tomcat]

2022-09-05 09:51:23,582 INFO Starting Servlet engine: [Apache Tomcat/9.0.63]

2022-09-05 09:51:24,342 INFO Initializing Spring embedded WebApplicationContext

2022-09-05 09:51:24,419 INFO Root WebApplicationContext: initialization completed in 25735 ms

2022-09-05 09:51:28,124 INFO Nacos-related cluster resource initialization

2022-09-05 09:51:28,196 INFO Load com.alibaba.nacos.core.ability.RemoteAbilityInitializer for ServerAbilityInitializer

2022-09-05 09:51:28,210 INFO Load com.alibaba.nacos.naming.ability.NamingAbilityInitializer for ServerAbilityInitializer

2022-09-05 09:51:28,306 INFO The cluster resource is initialized

2022-09-05 09:51:28,550 INFO Get Distro config from env, DistroConfig{syncDelayMillis=1000, syncTimeoutMillis=3000, syncRetryDelayMillis=3000, verifyIntervalMillis=5000, verifyTimeoutMillis=3000, loadDataRetryDelayMillis=30000}

2022-09-05 09:51:37,145 INFO HikariPool-1 - Starting...

2022-09-05 09:51:42,510 INFO HikariPool-1 - Start completed.

2022-09-05 09:52:39,188 INFO Adding welcome page: class path resource [static/index.html]

2022-09-05 09:52:45,163 WARN You are asking Spring Security to ignore Ant [pattern='/**']. This is not recommended -- please use permitAll via HttpSecurity#authorizeHttpRequests instead.

2022-09-05 09:52:45,171 INFO Will not secure Ant [pattern='/**']

2022-09-05 09:52:45,430 INFO Will secure any request with [org.springframework.security.web.context.request.async.WebAsyncManagerIntegrationFilter@61526469, org.springframework.security.web.context.SecurityContextPersistenceFilter@64beebb7, org.springframework.security.web.header.HeaderWriterFilter@6d366c9b, org.springframework.security.web.csrf.CsrfFilter@28276e50, org.springframework.security.web.authentication.logout.LogoutFilter@4648ce9, org.springframework.security.web.savedrequest.RequestCacheAwareFilter@bcec031, org.springframework.security.web.servletapi.SecurityContextHolderAwareRequestFilter@32f0fba8, org.springframework.security.web.authentication.AnonymousAuthenticationFilter@274872f8, org.springframework.security.web.session.SessionManagementFilter@24faea88, org.springframework.security.web.access.ExceptionTranslationFilter@7651218e]

2022-09-05 09:52:45,819 INFO Exposing 1 endpoint(s) beneath base path '/actuator'

2022-09-05 09:52:46,719 INFO Tomcat started on port(s): 8848 (http) with context path '/nacos'

2022-09-05 09:52:47,387 INFO Started Nacos in 131.001 seconds (JVM running for 138.967)

2022-09-05 09:52:47,397 INFO Nacos started successfully in stand alone mode. use external storage

2022-09-05 09:52:47,551 INFO Initializing Spring DispatcherServlet 'dispatcherServlet'

2022-09-05 09:52:47,581 INFO Initializing Servlet 'dispatcherServlet'

2022-09-05 09:52:47,609 INFO Completed initialization in 2 ms

2022-09-05 09:52:49,216 INFO Get Push config from env, PushConfig{pushTaskDelay=500, pushTaskTimeout=5000, pushTaskRetryDelay=1000}

2022-09-05 09:52:49,197 WARN There are no [com.alibaba.nacos.common.trace.event.naming.SubscribeServiceTraceEvent] publishers for this event, please register

2022-09-05 09:52:50,362 WARN There are no [com.alibaba.nacos.common.trace.event.naming.PushServiceTraceEvent] publishers for this event, please register

2022-09-05 09:52:51,212 WARN There are no [com.alibaba.nacos.common.trace.event.naming.RegisterInstanceTraceEvent] publishers for this event, please register

2022-09-05 09:52:51,295 WARN Creation of SecureRandom instance for session ID generation using [SHA1PRNG] took [175] milliseconds.

2022-09-05 09:52:52,087 WARN There are no [com.alibaba.nacos.common.trace.event.naming.PushServiceTraceEvent] publishers for this event, please register

2022-09-05 09:53:27,720 WARN There are no [com.alibaba.nacos.common.trace.event.naming.SubscribeServiceTraceEvent] publishers for this event, please register

2022-09-05 09:53:27,984 WARN There are no [com.alibaba.nacos.common.trace.event.naming.RegisterInstanceTraceEvent] publishers for this event, please register

2022-09-05 09:53:28,478 WARN There are no [com.alibaba.nacos.common.trace.event.naming.PushServiceTraceEvent] publishers for this event, please register

2022-09-05 09:53:38,528 WARN There are no [com.alibaba.nacos.common.trace.event.naming.SubscribeServiceTraceEvent] publishers for this event, please register

2022-09-05 09:53:38,739 WARN There are no [com.alibaba.nacos.common.trace.event.naming.RegisterInstanceTraceEvent] publishers for this event, please register

2022-09-05 09:53:39,305 WARN There are no [com.alibaba.nacos.common.trace.event.naming.PushServiceTraceEvent] publishers for this event, please register

2022-09-05 09:53:42,707 WARN There are no [com.alibaba.nacos.common.trace.event.naming.SubscribeServiceTraceEvent] publishers for this event, please register

2022-09-05 09:53:42,822 WARN There are no [com.alibaba.nacos.common.trace.event.naming.RegisterInstanceTraceEvent] publishers for this event, please register

2022-09-05 09:53:43,357 WARN There are no [com.alibaba.nacos.common.trace.event.naming.PushServiceTraceEvent] publishers for this event, please register

2022-09-05 09:53:49,863 WARN There are no [com.alibaba.nacos.common.trace.event.naming.SubscribeServiceTraceEvent] publishers for this event, please register

2022-09-05 09:53:49,870 WARN There are no [com.alibaba.nacos.common.trace.event.naming.SubscribeServiceTraceEvent] publishers for this event, please register

2022-09-05 09:53:49,875 WARN There are no [com.alibaba.nacos.common.trace.event.naming.SubscribeServiceTraceEvent] publishers for this event, please register

2022-09-05 09:53:50,445 WARN There are no [com.alibaba.nacos.common.trace.event.naming.PushServiceTraceEvent] publishers for this event, please register

2022-09-05 09:53:50,451 WARN There are no [com.alibaba.nacos.common.trace.event.naming.PushServiceTraceEvent] publishers for this event, please register

2022-09-05 09:53:50,452 WARN There are no [com.alibaba.nacos.common.trace.event.naming.PushServiceTraceEvent] publishers for this event, please register

2022-09-05 09:58:10,608 WARN There are no [com.alibaba.nacos.common.trace.event.naming.UnsubscribeServiceTraceEvent] publishers for this event, please register

2022-09-05 09:58:10,647 WARN There are no [com.alibaba.nacos.common.trace.event.naming.DeregisterInstanceTraceEvent] publishers for this event, please register

2022-09-05 09:58:11,629 WARN There are no [com.alibaba.nacos.common.trace.event.naming.UnsubscribeServiceTraceEvent] publishers for this event, please register

2022-09-05 09:58:11,652 WARN There are no [com.alibaba.nacos.common.trace.event.naming.DeregisterInstanceTraceEvent] publishers for this event, please register

2022-09-05 09:58:12,536 WARN There are no [com.alibaba.nacos.common.trace.event.naming.UnsubscribeServiceTraceEvent] publishers for this event, please register

2022-09-05 09:58:12,550 WARN There are no [com.alibaba.nacos.common.trace.event.naming.DeregisterInstanceTraceEvent] publishers for this event, please register

2022-09-05 09:58:14,589 WARN There are no [com.alibaba.nacos.common.trace.event.naming.UnsubscribeServiceTraceEvent] publishers for this event, please register

2022-09-05 09:58:14,612 WARN There are no [com.alibaba.nacos.common.trace.event.naming.DeregisterInstanceTraceEvent] publishers for this event, please register

2022-09-05 09:58:47,663 WARN There are no [com.alibaba.nacos.common.trace.event.naming.SubscribeServiceTraceEvent] publishers for this event, please register

2022-09-05 09:58:47,976 WARN There are no [com.alibaba.nacos.common.trace.event.naming.SubscribeServiceTraceEvent] publishers for this event, please register

2022-09-05 09:58:48,430 WARN There are no [com.alibaba.nacos.common.trace.event.naming.SubscribeServiceTraceEvent] publishers for this event, please register

2022-09-05 09:58:49,039 WARN There are no [com.alibaba.nacos.common.trace.event.naming.SubscribeServiceTraceEvent] publishers for this event, please register

2022-09-05 09:58:49,648 WARN There are no [com.alibaba.nacos.common.trace.event.naming.SubscribeServiceTraceEvent] publishers for this event, please register

2022-09-05 09:58:50,170 WARN There are no [com.alibaba.nacos.common.trace.event.naming.PushServiceTraceEvent] publishers for this event, please register

2022-09-05 09:58:50,220 WARN There are no [com.alibaba.nacos.common.trace.event.naming.PushServiceTraceEvent] publishers for this event, please register

2022-09-05 09:58:50,242 WARN There are no [com.alibaba.nacos.common.trace.event.naming.PushServiceTraceEvent] publishers for this event, please register

2022-09-05 09:58:50,295 WARN There are no [com.alibaba.nacos.common.trace.event.naming.PushServiceTraceEvent] publishers for this event, please register

2022-09-05 09:58:57,356 WARN There are no [com.alibaba.nacos.common.trace.event.naming.SubscribeServiceTraceEvent] publishers for this event, please register

2022-09-05 09:58:58,656 WARN There are no [com.alibaba.nacos.common.trace.event.naming.RegisterInstanceTraceEvent] publishers for this event, please register

2022-09-05 09:58:59,295 WARN There are no [com.alibaba.nacos.common.trace.event.naming.PushServiceTraceEvent] publishers for this event, please register

2022-09-05 09:59:07,106 WARN There are no [com.alibaba.nacos.common.trace.event.naming.SubscribeServiceTraceEvent] publishers for this event, please register

2022-09-05 09:59:07,494 WARN There are no [com.alibaba.nacos.common.trace.event.naming.RegisterInstanceTraceEvent] publishers for this event, please register

2022-09-05 09:59:07,729 WARN There are no [com.alibaba.nacos.common.trace.event.naming.PushServiceTraceEvent] publishers for this event, please register

2022-09-05 09:59:07,853 WARN There are no [com.alibaba.nacos.common.trace.event.naming.PushServiceTraceEvent] publishers for this event, please register

2022-09-05 09:59:14,741 WARN There are no [com.alibaba.nacos.common.trace.event.naming.SubscribeServiceTraceEvent] publishers for this event, please register

2022-09-05 09:59:14,870 WARN There are no [com.alibaba.nacos.common.trace.event.naming.RegisterInstanceTraceEvent] publishers for this event, please register

2022-09-05 09:59:15,179 WARN There are no [com.alibaba.nacos.common.trace.event.naming.SubscribeServiceTraceEvent] publishers for this event, please register

2022-09-05 09:59:15,352 WARN There are no [com.alibaba.nacos.common.trace.event.naming.PushServiceTraceEvent] publishers for this event, please register

2022-09-05 09:59:15,403 WARN There are no [com.alibaba.nacos.common.trace.event.naming.RegisterInstanceTraceEvent] publishers for this event, please register

2022-09-05 09:59:15,409 WARN There are no [com.alibaba.nacos.common.trace.event.naming.PushServiceTraceEvent] publishers for this event, please register

2022-09-05 09:59:15,752 WARN There are no [com.alibaba.nacos.common.trace.event.naming.PushServiceTraceEvent] publishers for this event, please register

2022-09-05 09:59:15,814 WARN There are no [com.alibaba.nacos.common.trace.event.naming.PushServiceTraceEvent] publishers for this event, please register

2022-09-05 10:01:54,463 WARN clearConfigHistory start

2022-09-05 10:01:54,601 WARN clearConfigHistory, getBeforeStamp:2022-08-06 10:01:54.0, pageSize:1000

2022-09-05 10:01:55,143 INFO [capacityManagement] start correct usage

2022-09-05 10:01:55,609 INFO [capacityManagement] end correct usage, cost: 0.362177817s

2022-09-05 10:10:54,746 WARN There are no [com.alibaba.nacos.common.trace.event.naming.UnsubscribeServiceTraceEvent] publishers for this event, please register

2022-09-05 10:10:54,784 WARN There are no [com.alibaba.nacos.common.trace.event.naming.DeregisterInstanceTraceEvent] publishers for this event, please register

2022-09-05 10:10:55,361 WARN There are no [com.alibaba.nacos.common.trace.event.naming.PushServiceTraceEvent] publishers for this event, please register

2022-09-05 10:11:55,416 WARN clearConfigHistory start

2022-09-05 10:11:55,419 WARN clearConfigHistory, getBeforeStamp:2022-08-06 10:11:55.0, pageSize:1000

2022-09-05 10:11:55,584 INFO [capacityManagement] start correct usage

2022-09-05 10:11:55,649 INFO [capacityManagement] end correct usage, cost: 0.063718157s

2022-09-05 10:11:56,219 WARN There are no [com.alibaba.nacos.common.trace.event.naming.SubscribeServiceTraceEvent] publishers for this event, please register

2022-09-05 10:11:56,339 WARN There are no [com.alibaba.nacos.common.trace.event.naming.RegisterInstanceTraceEvent] publishers for this event, please register

2022-09-05 10:11:56,861 WARN There are no [com.alibaba.nacos.common.trace.event.naming.PushServiceTraceEvent] publishers for this event, please register

2022-09-05 10:11:56,873 WARN There are no [com.alibaba.nacos.common.trace.event.naming.PushServiceTraceEvent] publishers for this event, please register

2022-09-05 10:21:55,467 WARN clearConfigHistory start

2022-09-05 10:21:55,468 WARN clearConfigHistory, getBeforeStamp:2022-08-06 10:21:55.0, pageSize:1000

2022-09-05 10:21:55,652 INFO [capacityManagement] start correct usage

2022-09-05 10:21:55,696 INFO [capacityManagement] end correct usage, cost: 0.042976681s

2022-09-05 10:31:55,540 WARN clearConfigHistory start

2022-09-05 10:31:55,541 WARN clearConfigHistory, getBeforeStamp:2022-08-06 10:31:55.0, pageSize:1000

2022-09-05 10:31:55,696 INFO [capacityManagement] start correct usage

2022-09-05 10:31:55,739 INFO [capacityManagement] end correct usage, cost: 0.041501418s

2022-09-05 10:41:55,576 WARN clearConfigHistory start

2022-09-05 10:41:55,579 WARN clearConfigHistory, getBeforeStamp:2022-08-06 10:41:55.0, pageSize:1000

2022-09-05 10:41:55,742 INFO [capacityManagement] start correct usage

2022-09-05 10:41:55,794 INFO [capacityManagement] end correct usage, cost: 0.051290565s

2022-09-05 10:51:55,618 WARN clearConfigHistory start

2022-09-05 10:51:55,620 WARN clearConfigHistory, getBeforeStamp:2022-08-06 10:51:55.0, pageSize:1000

2022-09-05 10:51:55,796 INFO [capacityManagement] start correct usage

2022-09-05 10:51:55,860 INFO [capacityManagement] end correct usage, cost: 0.06227761s

2022-09-05 11:01:55,675 WARN clearConfigHistory start

2022-09-05 11:01:55,676 WARN clearConfigHistory, getBeforeStamp:2022-08-06 11:01:55.0, pageSize:1000

2022-09-05 11:01:55,862 INFO [capacityManagement] start correct usage

2022-09-05 11:01:55,917 INFO [capacityManagement] end correct usage, cost: 0.055029368s

2022-09-05 11:11:55,713 WARN clearConfigHistory start

2022-09-05 11:11:55,715 WARN clearConfigHistory, getBeforeStamp:2022-08-06 11:11:55.0, pageSize:1000

2022-09-05 11:11:55,915 INFO [capacityManagement] start correct usage

2022-09-05 11:11:55,975 INFO [capacityManagement] end correct usage, cost: 0.05894248s

2022-09-05 11:21:55,769 WARN clearConfigHistory start

2022-09-05 11:21:55,770 WARN clearConfigHistory, getBeforeStamp:2022-08-06 11:21:55.0, pageSize:1000

2022-09-05 11:21:55,979 INFO [capacityManagement] start correct usage

2022-09-05 11:21:56,009 INFO [capacityManagement] end correct usage, cost: 0.030086545s

2022-09-05 11:31:55,821 WARN clearConfigHistory start

2022-09-05 11:31:55,823 WARN clearConfigHistory, getBeforeStamp:2022-08-06 11:31:55.0, pageSize:1000

2022-09-05 11:31:56,025 INFO [capacityManagement] start correct usage

2022-09-05 11:31:56,062 INFO [capacityManagement] end correct usage, cost: 0.035489385s

2022-09-05 11:41:55,830 WARN clearConfigHistory start

2022-09-05 11:41:55,831 WARN clearConfigHistory, getBeforeStamp:2022-08-06 11:41:55.0, pageSize:1000

2022-09-05 11:41:56,047 INFO [capacityManagement] start correct usage

2022-09-05 11:41:56,081 INFO [capacityManagement] end correct usage, cost: 0.0329777s

2022-09-05 11:51:55,953 WARN clearConfigHistory start

2022-09-05 11:51:55,961 WARN clearConfigHistory, getBeforeStamp:2022-08-06 11:51:55.0, pageSize:1000

2022-09-05 11:51:56,082 INFO [capacityManagement] start correct usage

2022-09-05 11:51:56,123 INFO [capacityManagement] end correct usage, cost: 0.038801784s

2022-09-05 12:01:56,017 WARN clearConfigHistory start

2022-09-05 12:01:56,019 WARN clearConfigHistory, getBeforeStamp:2022-08-06 12:01:56.0, pageSize:1000

2022-09-05 12:01:56,124 INFO [capacityManagement] start correct usage

2022-09-05 12:01:56,173 INFO [capacityManagement] end correct usage, cost: 0.048528027s

2022-09-05 12:11:56,045 WARN clearConfigHistory start

2022-09-05 12:11:56,046 WARN clearConfigHistory, getBeforeStamp:2022-08-06 12:11:56.0, pageSize:1000

2022-09-05 12:11:56,174 INFO [capacityManagement] start correct usage

2022-09-05 12:11:56,210 INFO [capacityManagement] end correct usage, cost: 0.034846516s

2022-09-05 12:21:56,083 WARN clearConfigHistory start

2022-09-05 12:21:56,084 WARN clearConfigHistory, getBeforeStamp:2022-08-06 12:21:56.0, pageSize:1000

2022-09-05 12:21:56,211 INFO [capacityManagement] start correct usage

2022-09-05 12:21:56,251 INFO [capacityManagement] end correct usage, cost: 0.03924694s

2022-09-05 12:31:56,109 WARN clearConfigHistory start

2022-09-05 12:31:56,116 WARN clearConfigHistory, getBeforeStamp:2022-08-06 12:31:56.0, pageSize:1000

2022-09-05 12:31:56,251 INFO [capacityManagement] start correct usage

2022-09-05 12:31:56,287 INFO [capacityManagement] end correct usage, cost: 0.035006901s

2022-09-05 12:41:56,129 WARN clearConfigHistory start

2022-09-05 12:41:56,132 WARN clearConfigHistory, getBeforeStamp:2022-08-06 12:41:56.0, pageSize:1000

2022-09-05 12:41:56,288 INFO [capacityManagement] start correct usage

2022-09-05 12:41:56,340 INFO [capacityManagement] end correct usage, cost: 0.05087115s

2022-09-05 12:51:56,167 WARN clearConfigHistory start

2022-09-05 12:51:56,168 WARN clearConfigHistory, getBeforeStamp:2022-08-06 12:51:56.0, pageSize:1000

2022-09-05 12:51:56,340 INFO [capacityManagement] start correct usage

2022-09-05 12:51:56,369 INFO [capacityManagement] end correct usage, cost: 0.028565406s

2022-09-05 13:01:56,208 WARN clearConfigHistory start

2022-09-05 13:01:56,209 WARN clearConfigHistory, getBeforeStamp:2022-08-06 13:01:56.0, pageSize:1000

2022-09-05 13:01:56,370 INFO [capacityManagement] start correct usage

2022-09-05 13:01:56,417 INFO [capacityManagement] end correct usage, cost: 0.046455294s

2022-09-05 13:11:56,266 WARN clearConfigHistory start

2022-09-05 13:11:56,268 WARN clearConfigHistory, getBeforeStamp:2022-08-06 13:11:56.0, pageSize:1000

2022-09-05 13:11:56,418 INFO [capacityManagement] start correct usage

2022-09-05 13:11:56,465 INFO [capacityManagement] end correct usage, cost: 0.046257095s

2022-09-05 13:21:56,338 WARN clearConfigHistory start

2022-09-05 13:21:56,339 WARN clearConfigHistory, getBeforeStamp:2022-08-06 13:21:56.0, pageSize:1000

2022-09-05 13:21:56,466 INFO [capacityManagement] start correct usage

2022-09-05 13:21:56,506 INFO [capacityManagement] end correct usage, cost: 0.04008506s

2022-09-05 13:31:56,378 WARN clearConfigHistory start

2022-09-05 13:31:56,380 WARN clearConfigHistory, getBeforeStamp:2022-08-06 13:31:56.0, pageSize:1000

2022-09-05 13:31:56,507 INFO [capacityManagement] start correct usage

2022-09-05 13:31:56,551 INFO [capacityManagement] end correct usage, cost: 0.042334923s

2022-09-05 13:41:56,407 WARN clearConfigHistory start

2022-09-05 13:41:56,408 WARN clearConfigHistory, getBeforeStamp:2022-08-06 13:41:56.0, pageSize:1000

2022-09-05 13:41:56,551 INFO [capacityManagement] start correct usage

2022-09-05 13:41:56,593 INFO [capacityManagement] end correct usage, cost: 0.040157551s

2022-09-05 13:51:56,448 WARN clearConfigHistory start

2022-09-05 13:51:56,450 WARN clearConfigHistory, getBeforeStamp:2022-08-06 13:51:56.0, pageSize:1000

2022-09-05 13:51:56,593 INFO [capacityManagement] start correct usage

2022-09-05 13:51:56,636 INFO [capacityManagement] end correct usage, cost: 0.042151273s

2022-09-05 14:01:56,463 WARN clearConfigHistory start

2022-09-05 14:01:56,464 WARN clearConfigHistory, getBeforeStamp:2022-08-06 14:01:56.0, pageSize:1000

2022-09-05 14:01:56,625 INFO [capacityManagement] start correct usage

2022-09-05 14:01:56,660 INFO [capacityManagement] end correct usage, cost: 0.034017199s

2022-09-05 14:11:56,496 WARN clearConfigHistory start

2022-09-05 14:11:56,497 WARN clearConfigHistory, getBeforeStamp:2022-08-06 14:11:56.0, pageSize:1000

2022-09-05 14:11:56,672 INFO [capacityManagement] start correct usage

2022-09-05 14:11:56,708 INFO [capacityManagement] end correct usage, cost: 0.035908707s

2022-09-05 14:21:56,530 WARN clearConfigHistory start

2022-09-05 14:21:56,531 WARN clearConfigHistory, getBeforeStamp:2022-08-06 14:21:56.0, pageSize:1000

2022-09-05 14:21:56,709 INFO [capacityManagement] start correct usage

2022-09-05 14:21:56,745 INFO [capacityManagement] end correct usage, cost: 0.035452598s

2022-09-05 14:31:56,556 WARN clearConfigHistory start

2022-09-05 14:31:56,557 WARN clearConfigHistory, getBeforeStamp:2022-08-06 14:31:56.0, pageSize:1000

2022-09-05 14:31:56,746 INFO [capacityManagement] start correct usage

2022-09-05 14:31:56,781 INFO [capacityManagement] end correct usage, cost: 0.034614423s

2022-09-05 14:41:56,586 WARN clearConfigHistory start

2022-09-05 14:41:56,588 WARN clearConfigHistory, getBeforeStamp:2022-08-06 14:41:56.0, pageSize:1000

2022-09-05 14:41:56,782 INFO [capacityManagement] start correct usage

2022-09-05 14:41:56,839 INFO [capacityManagement] end correct usage, cost: 0.056430854s

2022-09-05 14:51:56,633 WARN clearConfigHistory start

2022-09-05 14:51:56,634 WARN clearConfigHistory, getBeforeStamp:2022-08-06 14:51:56.0, pageSize:1000

2022-09-05 14:51:56,840 INFO [capacityManagement] start correct usage

2022-09-05 14:51:56,884 INFO [capacityManagement] end correct usage, cost: 0.042877725s

2022-09-05 15:01:56,670 WARN clearConfigHistory start

2022-09-05 15:01:56,671 WARN clearConfigHistory, getBeforeStamp:2022-08-06 15:01:56.0, pageSize:1000

2022-09-05 15:01:56,884 INFO [capacityManagement] start correct usage

2022-09-05 15:01:56,925 INFO [capacityManagement] end correct usage, cost: 0.039454817s

2022-09-05 15:10:36,591 WARN There are no [com.alibaba.nacos.common.trace.event.naming.SubscribeServiceTraceEvent] publishers for this event, please register

2022-09-05 15:10:36,694 WARN There are no [com.alibaba.nacos.common.trace.event.naming.RegisterInstanceTraceEvent] publishers for this event, please register

2022-09-05 15:10:37,553 WARN There are no [com.alibaba.nacos.common.trace.event.naming.PushServiceTraceEvent] publishers for this event, please register

2022-09-05 15:11:00,284 WARN There are no [com.alibaba.nacos.common.trace.event.naming.SubscribeServiceTraceEvent] publishers for this event, please register

2022-09-05 15:11:00,902 WARN There are no [com.alibaba.nacos.common.trace.event.naming.PushServiceTraceEvent] publishers for this event, please register

2022-09-05 15:11:56,716 WARN clearConfigHistory start

2022-09-05 15:11:56,717 WARN clearConfigHistory, getBeforeStamp:2022-08-06 15:11:56.0, pageSize:1000

2022-09-05 15:11:56,930 INFO [capacityManagement] start correct usage

2022-09-05 15:11:56,976 INFO [capacityManagement] end correct usage, cost: 0.045445773s

2022-09-05 15:21:56,747 WARN clearConfigHistory start

2022-09-05 15:21:56,749 WARN clearConfigHistory, getBeforeStamp:2022-08-06 15:21:56.0, pageSize:1000

2022-09-05 15:21:56,974 INFO [capacityManagement] start correct usage

2022-09-05 15:21:57,012 INFO [capacityManagement] end correct usage, cost: 0.036981763s

2022-09-05 15:31:56,782 WARN clearConfigHistory start

2022-09-05 15:31:56,784 WARN clearConfigHistory, getBeforeStamp:2022-08-06 15:31:56.0, pageSize:1000

2022-09-05 15:31:57,013 INFO [capacityManagement] start correct usage

2022-09-05 15:31:57,051 INFO [capacityManagement] end correct usage, cost: 0.037232139s

2022-09-05 15:41:56,835 WARN clearConfigHistory start

2022-09-05 15:41:56,836 WARN clearConfigHistory, getBeforeStamp:2022-08-06 15:41:56.0, pageSize:1000

2022-09-05 15:41:57,052 INFO [capacityManagement] start correct usage

2022-09-05 15:41:57,087 INFO [capacityManagement] end correct usage, cost: 0.034205614s

2022-09-05 15:51:56,871 WARN clearConfigHistory start

2022-09-05 15:51:56,871 WARN clearConfigHistory, getBeforeStamp:2022-08-06 15:51:56.0, pageSize:1000

2022-09-05 15:51:57,091 INFO [capacityManagement] start correct usage

2022-09-05 15:51:57,135 INFO [capacityManagement] end correct usage, cost: 0.04378841s

2022-09-05 16:01:56,894 WARN clearConfigHistory start

2022-09-05 16:01:56,898 WARN clearConfigHistory, getBeforeStamp:2022-08-06 16:01:56.0, pageSize:1000

2022-09-05 16:01:57,136 INFO [capacityManagement] start correct usage

2022-09-05 16:01:57,288 INFO [capacityManagement] end correct usage, cost: 0.142340093s

2022-09-05 16:11:56,985 WARN clearConfigHistory start

2022-09-05 16:11:56,987 WARN clearConfigHistory, getBeforeStamp:2022-08-06 16:11:56.0, pageSize:1000

2022-09-05 16:11:57,321 INFO [capacityManagement] start correct usage

2022-09-05 16:11:57,359 INFO [capacityManagement] end correct usage, cost: 0.037357756s

2022-09-05 16:21:57,086 WARN clearConfigHistory start

2022-09-05 16:21:57,089 WARN clearConfigHistory, getBeforeStamp:2022-08-06 16:21:57.0, pageSize:1000

2022-09-05 16:21:57,360 INFO [capacityManagement] start correct usage

2022-09-05 16:21:57,404 INFO [capacityManagement] end correct usage, cost: 0.043190631s

2022-09-05 16:31:57,121 WARN clearConfigHistory start

2022-09-05 16:31:57,122 WARN clearConfigHistory, getBeforeStamp:2022-08-06 16:31:57.0, pageSize:1000

2022-09-05 16:31:57,405 INFO [capacityManagement] start correct usage

2022-09-05 16:31:57,452 INFO [capacityManagement] end correct usage, cost: 0.045710095s

2022-09-05 16:41:57,150 WARN clearConfigHistory start

2022-09-05 16:41:57,151 WARN clearConfigHistory, getBeforeStamp:2022-08-06 16:41:57.0, pageSize:1000

2022-09-05 16:41:57,448 INFO [capacityManagement] start correct usage

2022-09-05 16:41:57,482 INFO [capacityManagement] end correct usage, cost: 0.033660689s

2022-09-05 16:51:57,182 WARN clearConfigHistory start

2022-09-05 16:51:57,183 WARN clearConfigHistory, getBeforeStamp:2022-08-06 16:51:57.0, pageSize:1000

2022-09-05 16:51:57,646 INFO [capacityManagement] start correct usage

2022-09-05 16:51:57,728 INFO [capacityManagement] end correct usage, cost: 0.064986136s

2022-09-05 17:01:57,244 WARN clearConfigHistory start

2022-09-05 17:01:57,246 WARN clearConfigHistory, getBeforeStamp:2022-08-06 17:01:57.0, pageSize:1000

2022-09-05 17:01:57,730 INFO [capacityManagement] start correct usage

2022-09-05 17:01:57,772 INFO [capacityManagement] end correct usage, cost: 0.042200466s

2022-09-05 17:11:57,279 WARN clearConfigHistory start

2022-09-05 17:11:57,288 WARN clearConfigHistory, getBeforeStamp:2022-08-06 17:11:57.0, pageSize:1000

2022-09-05 17:11:57,773 INFO [capacityManagement] start correct usage

2022-09-05 17:11:57,821 INFO [capacityManagement] end correct usage, cost: 0.047254147s

2022-09-05 17:15:17,948 WARN There are no [com.alibaba.nacos.common.trace.event.naming.UnsubscribeServiceTraceEvent] publishers for this event, please register

2022-09-05 17:15:18,167 WARN There are no [com.alibaba.nacos.common.trace.event.naming.DeregisterInstanceTraceEvent] publishers for this event, please register

2022-09-05 17:15:27,461 WARN There are no [com.alibaba.nacos.common.trace.event.naming.PushServiceTraceEvent] publishers for this event, please register

2022-09-05 17:15:35,780 WARN There are no [com.alibaba.nacos.common.trace.event.naming.DeregisterInstanceTraceEvent] publishers for this event, please register

2022-09-05 17:15:39,596 WARN There are no [com.alibaba.nacos.common.trace.event.naming.RegisterInstanceTraceEvent] publishers for this event, please register

2022-09-05 17:15:45,517 WARN There are no [com.alibaba.nacos.common.trace.event.naming.SubscribeServiceTraceEvent] publishers for this event, please register

2022-09-05 17:15:45,677 WARN There are no [com.alibaba.nacos.common.trace.event.naming.SubscribeServiceTraceEvent] publishers for this event, please register

2022-09-05 17:15:46,272 WARN There are no [com.alibaba.nacos.common.trace.event.naming.SubscribeServiceTraceEvent] publishers for this event, please register

2022-09-05 17:15:46,321 WARN There are no [com.alibaba.nacos.common.trace.event.naming.PushServiceTraceEvent] publishers for this event, please register

2022-09-05 17:15:46,337 WARN There are no [com.alibaba.nacos.common.trace.event.naming.SubscribeServiceTraceEvent] publishers for this event, please register

2022-09-05 17:15:46,433 WARN There are no [com.alibaba.nacos.common.trace.event.naming.PushServiceTraceEvent] publishers for this event, please register

2022-09-05 17:15:49,968 WARN There are no [com.alibaba.nacos.common.trace.event.naming.RegisterInstanceTraceEvent] publishers for this event, please register

2022-09-05 17:15:49,968 WARN There are no [com.alibaba.nacos.common.trace.event.naming.PushServiceTraceEvent] publishers for this event, please register

2022-09-05 17:15:50,010 WARN There are no [com.alibaba.nacos.common.trace.event.naming.SubscribeServiceTraceEvent] publishers for this event, please register

2022-09-05 17:15:50,048 WARN There are no [com.alibaba.nacos.common.trace.event.naming.SubscribeServiceTraceEvent] publishers for this event, please register

2022-09-05 17:15:57,665 WARN There are no [com.alibaba.nacos.common.trace.event.naming.DeregisterInstanceTraceEvent] publishers for this event, please register

2022-09-05 17:15:59,017 WARN There are no [com.alibaba.nacos.common.trace.event.naming.PushServiceTraceEvent] publishers for this event, please register

2022-09-05 17:15:59,107 WARN There are no [com.alibaba.nacos.common.trace.event.naming.PushServiceTraceEvent] publishers for this event, please register

2022-09-05 17:16:00,530 WARN There are no [com.alibaba.nacos.common.trace.event.naming.PushServiceTraceEvent] publishers for this event, please register

2022-09-05 17:16:00,574 WARN There are no [com.alibaba.nacos.common.trace.event.naming.PushServiceTraceEvent] publishers for this event, please register

2022-09-05 17:16:01,587 WARN There are no [com.alibaba.nacos.common.trace.event.naming.DeregisterInstanceTraceEvent] publishers for this event, please register

2022-09-05 17:16:02,172 WARN There are no [com.alibaba.nacos.common.trace.event.naming.PushServiceTraceEvent] publishers for this event, please register

2022-09-05 17:16:02,862 WARN There are no [com.alibaba.nacos.common.trace.event.naming.RegisterInstanceTraceEvent] publishers for this event, please register

2022-09-05 17:16:02,877 WARN There are no [com.alibaba.nacos.common.trace.event.naming.SubscribeServiceTraceEvent] publishers for this event, please register

2022-09-05 17:16:03,466 WARN There are no [com.alibaba.nacos.common.trace.event.naming.PushServiceTraceEvent] publishers for this event, please register

2022-09-05 17:16:03,471 WARN There are no [com.alibaba.nacos.common.trace.event.naming.PushServiceTraceEvent] publishers for this event, please register

2022-09-05 17:16:05,092 WARN There are no [com.alibaba.nacos.common.trace.event.naming.RegisterInstanceTraceEvent] publishers for this event, please register

2022-09-05 17:16:05,118 WARN There are no [com.alibaba.nacos.common.trace.event.naming.SubscribeServiceTraceEvent] publishers for this event, please register

2022-09-05 17:16:05,755 WARN There are no [com.alibaba.nacos.common.trace.event.naming.PushServiceTraceEvent] publishers for this event, please register

2022-09-05 17:16:05,765 WARN There are no [com.alibaba.nacos.common.trace.event.naming.PushServiceTraceEvent] publishers for this event, please register

2022-09-05 17:21:57,483 WARN clearConfigHistory start

2022-09-05 17:21:58,215 INFO [capacityManagement] start correct usage

2022-09-05 17:22:00,168 WARN clearConfigHistory, getBeforeStamp:2022-08-06 17:21:58.0, pageSize:1000

2022-09-05 17:22:00,991 INFO [capacityManagement] end correct usage, cost: 1.47420412s

2022-09-05 17:22:09,435 WARN There are no [com.alibaba.nacos.common.trace.event.naming.DeregisterInstanceTraceEvent] publishers for this event, please register

2022-09-05 17:22:10,052 WARN There are no [com.alibaba.nacos.common.trace.event.naming.PushServiceTraceEvent] publishers for this event, please register

2022-09-05 17:24:15,151 WARN There are no [com.alibaba.nacos.common.trace.event.naming.SubscribeServiceTraceEvent] publishers for this event, please register

2022-09-05 17:24:15,225 WARN There are no [com.alibaba.nacos.common.trace.event.naming.RegisterInstanceTraceEvent] publishers for this event, please register

2022-09-05 17:24:15,730 WARN There are no [com.alibaba.nacos.common.trace.event.naming.PushServiceTraceEvent] publishers for this event, please register

2022-09-05 17:24:15,752 WARN There are no [com.alibaba.nacos.common.trace.event.naming.PushServiceTraceEvent] publishers for this event, please register

2022-09-05 17:32:00,989 WARN clearConfigHistory start

2022-09-05 17:32:00,994 INFO [capacityManagement] start correct usage

2022-09-05 17:32:00,996 WARN clearConfigHistory, getBeforeStamp:2022-08-06 17:32:00.0, pageSize:1000

2022-09-05 17:32:01,032 INFO [capacityManagement] end correct usage, cost: 0.036934535s

2022-09-05 17:42:01,023 WARN clearConfigHistory start

2022-09-05 17:42:01,025 WARN clearConfigHistory, getBeforeStamp:2022-08-06 17:42:01.0, pageSize:1000

2022-09-05 17:42:01,034 INFO [capacityManagement] start correct usage

2022-09-05 17:42:01,358 INFO [capacityManagement] end correct usage, cost: 0.32363338s

2022-09-05 17:52:01,072 WARN clearConfigHistory start

2022-09-05 17:52:01,074 WARN clearConfigHistory, getBeforeStamp:2022-08-06 17:52:01.0, pageSize:1000

2022-09-05 17:52:01,360 INFO [capacityManagement] start correct usage

2022-09-05 17:52:01,402 INFO [capacityManagement] end correct usage, cost: 0.041268256s

2022-09-05 18:02:01,088 WARN clearConfigHistory start

2022-09-05 18:02:01,090 WARN clearConfigHistory, getBeforeStamp:2022-08-06 18:02:01.0, pageSize:1000

2022-09-05 18:02:01,403 INFO [capacityManagement] start correct usage

2022-09-05 18:02:01,463 INFO [capacityManagement] end correct usage, cost: 0.059395331s

2022-09-05 18:12:01,125 WARN clearConfigHistory start

2022-09-05 18:12:01,126 WARN clearConfigHistory, getBeforeStamp:2022-08-06 18:12:01.0, pageSize:1000

2022-09-05 18:12:01,464 INFO [capacityManagement] start correct usage

2022-09-05 18:12:01,497 INFO [capacityManagement] end correct usage, cost: 0.03304953s

2022-09-05 18:22:01,157 WARN clearConfigHistory start

2022-09-05 18:22:01,158 WARN clearConfigHistory, getBeforeStamp:2022-08-06 18:22:01.0, pageSize:1000

2022-09-05 18:22:01,498 INFO [capacityManagement] start correct usage

2022-09-05 18:22:02,193 INFO [capacityManagement] end correct usage, cost: 0.613209134s

