2022-09-05 09:51:52,311 INFO Register tps control,pointName=CONFIG_PUSH_COUNT, point=com.alibaba.nacos.core.remote.control.TpsMonitorPoint@2d778add 

2022-09-05 09:51:52,348 INFO Load rule from local,pointName=CONFIG_PUSH_COUNT, ruleContent= 

2022-09-05 09:51:52,360 INFO Apply tps control rule parse start,pointName=[CONFIG_PUSH_COUNT]  

2022-09-05 09:51:52,382 INFO Clear point  control rule ,pointName=[CONFIG_PUSH_COUNT]  

2022-09-05 09:51:52,467 INFO Clear point  control rule for monitorKeys, pointName=[CONFIG_PUSH_COUNT]  

2022-09-05 09:51:52,468 INFO Register tps control,pointName=CONFIG_PUSH_SUCCESS, point=com.alibaba.nacos.core.remote.control.TpsMonitorPoint@73302995 

2022-09-05 09:51:52,540 INFO Load rule from local,pointName=CONFIG_PUSH_SUCCESS, ruleContent= 

2022-09-05 09:51:52,548 INFO Apply tps control rule parse start,pointName=[CONFIG_PUSH_SUCCESS]  

2022-09-05 09:51:52,597 INFO Clear point  control rule ,pointName=[CONFIG_PUSH_SUCCESS]  

2022-09-05 09:51:52,607 INFO Clear point  control rule for monitorKeys, pointName=[CONFIG_PUSH_SUCCESS]  

2022-09-05 09:51:52,625 INFO Register tps control,pointName=CONFIG_PUSH_FAIL, point=com.alibaba.nacos.core.remote.control.TpsMonitorPoint@1838ccb8 

2022-09-05 09:51:52,677 INFO Load rule from local,pointName=CONFIG_PUSH_FAIL, ruleContent= 

2022-09-05 09:51:52,685 INFO Apply tps control rule parse start,pointName=[CONFIG_PUSH_FAIL]  

2022-09-05 09:51:52,702 INFO Clear point  control rule ,pointName=[CONFIG_PUSH_FAIL]  

2022-09-05 09:51:52,715 INFO Clear point  control rule for monitorKeys, pointName=[CONFIG_PUSH_FAIL]  

2022-09-05 09:52:47,107 INFO Register tps control,pointName=ConfigQuery, point=com.alibaba.nacos.core.remote.control.TpsMonitorPoint@79e18e38 

2022-09-05 09:52:47,122 INFO Load rule from local,pointName=ConfigQuery, ruleContent= 

2022-09-05 09:52:47,123 INFO Apply tps control rule parse start,pointName=[ConfigQuery]  

2022-09-05 09:52:47,124 INFO Clear point  control rule ,pointName=[ConfigQuery]  

2022-09-05 09:52:47,137 INFO Clear point  control rule for monitorKeys, pointName=[ConfigQuery]  

2022-09-05 09:52:47,150 INFO Register tps control,pointName=ClusterConfigChangeNotify, point=com.alibaba.nacos.core.remote.control.TpsMonitorPoint@29a60c27 

2022-09-05 09:52:47,164 INFO Load rule from local,pointName=ClusterConfigChangeNotify, ruleContent= 

2022-09-05 09:52:47,165 INFO Apply tps control rule parse start,pointName=[ClusterConfigChangeNotify]  

2022-09-05 09:52:47,165 INFO Clear point  control rule ,pointName=[ClusterConfigChangeNotify]  

2022-09-05 09:52:47,166 INFO Clear point  control rule for monitorKeys, pointName=[ClusterConfigChangeNotify]  

2022-09-05 09:52:47,167 INFO Register tps control,pointName=ConfigListen, point=com.alibaba.nacos.core.remote.control.TpsMonitorPoint@1849db1a 

2022-09-05 09:52:47,178 INFO Load rule from local,pointName=ConfigListen, ruleContent= 

2022-09-05 09:52:47,179 INFO Apply tps control rule parse start,pointName=[ConfigListen]  

2022-09-05 09:52:47,180 INFO Clear point  control rule ,pointName=[ConfigListen]  

2022-09-05 09:52:47,180 INFO Clear point  control rule for monitorKeys, pointName=[ConfigListen]  

2022-09-05 09:52:47,181 INFO Register tps control,pointName=ConfigRemove, point=com.alibaba.nacos.core.remote.control.TpsMonitorPoint@1ca25c47 

2022-09-05 09:52:47,182 INFO Load rule from local,pointName=ConfigRemove, ruleContent= 

2022-09-05 09:52:47,195 INFO Apply tps control rule parse start,pointName=[ConfigRemove]  

2022-09-05 09:52:47,209 INFO Clear point  control rule ,pointName=[ConfigRemove]  

2022-09-05 09:52:47,241 INFO Clear point  control rule for monitorKeys, pointName=[ConfigRemove]  

2022-09-05 09:52:47,249 INFO Register tps control,pointName=ConfigPublish, point=com.alibaba.nacos.core.remote.control.TpsMonitorPoint@5fcacc0 

2022-09-05 09:52:47,272 INFO Load rule from local,pointName=ConfigPublish, ruleContent= 

2022-09-05 09:52:47,279 INFO Apply tps control rule parse start,pointName=[ConfigPublish]  

2022-09-05 09:52:47,289 INFO Clear point  control rule ,pointName=[ConfigPublish]  

2022-09-05 09:52:47,290 INFO Clear point  control rule for monitorKeys, pointName=[ConfigPublish]  

2022-09-05 09:52:47,292 INFO Register tps control,pointName=HealthCheck, point=com.alibaba.nacos.core.remote.control.TpsMonitorPoint@533b266e 

2022-09-05 09:52:47,298 INFO Load rule from local,pointName=HealthCheck, ruleContent= 

2022-09-05 09:52:47,305 INFO Apply tps control rule parse start,pointName=[HealthCheck]  

2022-09-05 09:52:47,308 INFO Clear point  control rule ,pointName=[HealthCheck]  

2022-09-05 09:52:47,309 INFO Clear point  control rule for monitorKeys, pointName=[HealthCheck]  

2022-09-05 09:52:50,488 INFO Register tps control,pointName=NAMING_RPC_PUSH, point=com.alibaba.nacos.core.remote.control.TpsMonitorPoint@2ca43c45 

2022-09-05 09:52:50,610 INFO Load rule from local,pointName=NAMING_RPC_PUSH, ruleContent= 

2022-09-05 09:52:50,645 INFO Apply tps control rule parse start,pointName=[NAMING_RPC_PUSH]  

2022-09-05 09:52:50,699 INFO Clear point  control rule ,pointName=[NAMING_RPC_PUSH]  

2022-09-05 09:52:50,729 INFO Clear point  control rule for monitorKeys, pointName=[NAMING_RPC_PUSH]  

2022-09-05 09:52:50,753 INFO Register tps control,pointName=NAMING_RPC_PUSH_SUCCESS, point=com.alibaba.nacos.core.remote.control.TpsMonitorPoint@17ca319 

2022-09-05 09:52:50,777 INFO Load rule from local,pointName=NAMING_RPC_PUSH_SUCCESS, ruleContent= 

2022-09-05 09:52:50,788 INFO Apply tps control rule parse start,pointName=[NAMING_RPC_PUSH_SUCCESS]  

2022-09-05 09:52:50,799 INFO Clear point  control rule ,pointName=[NAMING_RPC_PUSH_SUCCESS]  

2022-09-05 09:52:50,815 INFO Clear point  control rule for monitorKeys, pointName=[NAMING_RPC_PUSH_SUCCESS]  

2022-09-05 09:52:50,829 INFO Register tps control,pointName=NAMING_RPC_PUSH_FAIL, point=com.alibaba.nacos.core.remote.control.TpsMonitorPoint@3a67e333 

2022-09-05 09:52:50,850 INFO Load rule from local,pointName=NAMING_RPC_PUSH_FAIL, ruleContent= 

2022-09-05 09:52:50,865 INFO Apply tps control rule parse start,pointName=[NAMING_RPC_PUSH_FAIL]  

2022-09-05 09:52:50,870 INFO Clear point  control rule ,pointName=[NAMING_RPC_PUSH_FAIL]  

2022-09-05 09:52:50,870 INFO Clear point  control rule for monitorKeys, pointName=[NAMING_RPC_PUSH_FAIL]  

2022-09-05 09:52:50,878 INFO Register tps control,pointName=NAMING_UDP_PUSH, point=com.alibaba.nacos.core.remote.control.TpsMonitorPoint@1a193bd6 

2022-09-05 09:52:50,881 INFO Load rule from local,pointName=NAMING_UDP_PUSH, ruleContent= 

2022-09-05 09:52:50,884 INFO Apply tps control rule parse start,pointName=[NAMING_UDP_PUSH]  

2022-09-05 09:52:50,886 INFO Clear point  control rule ,pointName=[NAMING_UDP_PUSH]  

2022-09-05 09:52:50,895 INFO Clear point  control rule for monitorKeys, pointName=[NAMING_UDP_PUSH]  

2022-09-05 09:52:50,912 INFO Register tps control,pointName=NAMING_UDP_PUSH_SUCCESS, point=com.alibaba.nacos.core.remote.control.TpsMonitorPoint@17d26ac4 

2022-09-05 09:52:50,931 INFO Load rule from local,pointName=NAMING_UDP_PUSH_SUCCESS, ruleContent= 

2022-09-05 09:52:50,965 INFO Apply tps control rule parse start,pointName=[NAMING_UDP_PUSH_SUCCESS]  

2022-09-05 09:52:50,967 INFO Clear point  control rule ,pointName=[NAMING_UDP_PUSH_SUCCESS]  

2022-09-05 09:52:50,980 INFO Clear point  control rule for monitorKeys, pointName=[NAMING_UDP_PUSH_SUCCESS]  

2022-09-05 09:52:50,989 INFO Register tps control,pointName=NAMING_UDP_PUSH_FAIL, point=com.alibaba.nacos.core.remote.control.TpsMonitorPoint@7352774c 

2022-09-05 09:52:50,998 INFO Load rule from local,pointName=NAMING_UDP_PUSH_FAIL, ruleContent= 

2022-09-05 09:52:51,009 INFO Apply tps control rule parse start,pointName=[NAMING_UDP_PUSH_FAIL]  

2022-09-05 09:52:51,036 INFO Clear point  control rule ,pointName=[NAMING_UDP_PUSH_FAIL]  

2022-09-05 09:52:51,056 INFO Clear point  control rule for monitorKeys, pointName=[NAMING_UDP_PUSH_FAIL]  

2022-09-05 09:52:51,059 INFO Register tps control,pointName=NAMING_DISTRO_SYNC, point=com.alibaba.nacos.core.remote.control.TpsMonitorPoint@76297c6e 

2022-09-05 09:52:51,091 INFO Load rule from local,pointName=NAMING_DISTRO_SYNC, ruleContent= 

2022-09-05 09:52:51,092 INFO Apply tps control rule parse start,pointName=[NAMING_DISTRO_SYNC]  

2022-09-05 09:52:51,129 INFO Clear point  control rule ,pointName=[NAMING_DISTRO_SYNC]  

2022-09-05 09:52:51,170 INFO Clear point  control rule for monitorKeys, pointName=[NAMING_DISTRO_SYNC]  

2022-09-05 09:52:51,181 INFO Register tps control,pointName=NAMING_DISTRO_SYNC_SUCCESS, point=com.alibaba.nacos.core.remote.control.TpsMonitorPoint@253d3ef6 

2022-09-05 09:52:51,212 INFO Load rule from local,pointName=NAMING_DISTRO_SYNC_SUCCESS, ruleContent= 

2022-09-05 09:52:51,212 INFO Apply tps control rule parse start,pointName=[NAMING_DISTRO_SYNC_SUCCESS]  

2022-09-05 09:52:51,213 INFO Clear point  control rule ,pointName=[NAMING_DISTRO_SYNC_SUCCESS]  

2022-09-05 09:52:51,245 INFO Clear point  control rule for monitorKeys, pointName=[NAMING_DISTRO_SYNC_SUCCESS]  

2022-09-05 09:52:51,248 INFO Register tps control,pointName=NAMING_DISTRO_SYNC_FAIL, point=com.alibaba.nacos.core.remote.control.TpsMonitorPoint@21bde4df 

2022-09-05 09:52:51,302 INFO Load rule from local,pointName=NAMING_DISTRO_SYNC_FAIL, ruleContent= 

2022-09-05 09:52:51,346 INFO Apply tps control rule parse start,pointName=[NAMING_DISTRO_SYNC_FAIL]  

2022-09-05 09:52:51,355 INFO Clear point  control rule ,pointName=[NAMING_DISTRO_SYNC_FAIL]  

2022-09-05 09:52:51,360 INFO Clear point  control rule for monitorKeys, pointName=[NAMING_DISTRO_SYNC_FAIL]  

2022-09-05 09:52:51,368 INFO Register tps control,pointName=NAMING_DISTRO_VERIFY, point=com.alibaba.nacos.core.remote.control.TpsMonitorPoint@41b50fb3 

2022-09-05 09:52:51,383 INFO Load rule from local,pointName=NAMING_DISTRO_VERIFY, ruleContent= 

2022-09-05 09:52:51,384 INFO Apply tps control rule parse start,pointName=[NAMING_DISTRO_VERIFY]  

2022-09-05 09:52:51,384 INFO Clear point  control rule ,pointName=[NAMING_DISTRO_VERIFY]  

2022-09-05 09:52:51,384 INFO Clear point  control rule for monitorKeys, pointName=[NAMING_DISTRO_VERIFY]  

2022-09-05 09:52:51,385 INFO Register tps control,pointName=NAMING_DISTRO_VERIFY_SUCCESS, point=com.alibaba.nacos.core.remote.control.TpsMonitorPoint@7c42c1e7 

2022-09-05 09:52:51,455 INFO Load rule from local,pointName=NAMING_DISTRO_VERIFY_SUCCESS, ruleContent= 

2022-09-05 09:52:51,464 INFO Apply tps control rule parse start,pointName=[NAMING_DISTRO_VERIFY_SUCCESS]  

2022-09-05 09:52:51,479 INFO Clear point  control rule ,pointName=[NAMING_DISTRO_VERIFY_SUCCESS]  

2022-09-05 09:52:51,495 INFO Clear point  control rule for monitorKeys, pointName=[NAMING_DISTRO_VERIFY_SUCCESS]  

2022-09-05 09:52:51,519 INFO Register tps control,pointName=NAMING_DISTRO_VERIFY_FAIL, point=com.alibaba.nacos.core.remote.control.TpsMonitorPoint@30c48a17 

2022-09-05 09:52:51,554 INFO Load rule from local,pointName=NAMING_DISTRO_VERIFY_FAIL, ruleContent= 

2022-09-05 09:52:51,579 INFO Apply tps control rule parse start,pointName=[NAMING_DISTRO_VERIFY_FAIL]  

2022-09-05 09:52:51,580 INFO Clear point  control rule ,pointName=[NAMING_DISTRO_VERIFY_FAIL]  

2022-09-05 09:52:51,582 INFO Clear point  control rule for monitorKeys, pointName=[NAMING_DISTRO_VERIFY_FAIL]  

